0 info it worked if it ends with ok
1 verbose cli [ 'node', '/usr/local/bin/npm', 'update', '-g', 'bower' ]
2 info using npm@2.1.8
3 info using node@v0.10.25
4 verbose node symlink /usr/bin/node
5 silly mapToRegistry name bower
6 silly mapToRegistry using default registry
7 silly mapToRegistry registry https://registry.npmjs.org/
8 silly mapToRegistry uri https://registry.npmjs.org/bower
9 verbose request uri https://registry.npmjs.org/bower
10 verbose request no auth needed
11 info attempt registry request try #1 at 00:09:17
12 verbose request id b2e25c756efb7d46
13 verbose etag "AJSOHWHE2G1Y28TQ2FJ170NR7"
14 http request GET https://registry.npmjs.org/bower
15 http 200 https://registry.npmjs.org/bower
16 silly get cb [ 200,
16 silly get   { server: 'CouchDB/1.5.0 (Erlang OTP/R16B03)',
16 silly get     etag: '"4MRF8QPN05L97GFZMNH2YB1V3"',
16 silly get     'content-type': 'application/json',
16 silly get     'cache-control': 'max-age=60',
16 silly get     'content-length': '111880',
16 silly get     'accept-ranges': 'bytes',
16 silly get     date: 'Sat, 09 May 2015 04:09:24 GMT',
16 silly get     via: '1.1 varnish',
16 silly get     age: '13',
16 silly get     connection: 'keep-alive',
16 silly get     'x-served-by': 'cache-ord1735-ORD',
16 silly get     'x-cache': 'HIT',
16 silly get     'x-cache-hits': '1',
16 silly get     'x-timer': 'S1431144564.151534,VS0,VE0',
16 silly get     vary: 'Accept' } ]
17 info outdated updating [ [ '/usr/lib', 'bower', '1.3.12', '1.4.1', '1.4.1', 'latest' ] ]
18 verbose install where, what [ '/usr/lib', [ 'bower@1.4.1' ] ]
19 silly cache add args [ 'bower@1.4.1', null ]
20 verbose cache add spec bower@1.4.1
21 silly cache add parsed spec { raw: 'bower@1.4.1',
21 silly cache add   scope: null,
21 silly cache add   name: 'bower',
21 silly cache add   rawSpec: '1.4.1',
21 silly cache add   spec: '1.4.1',
21 silly cache add   type: 'version' }
22 verbose addNamed bower@1.4.1
23 silly addNamed semver.valid 1.4.1
24 silly addNamed semver.validRange 1.4.1
25 silly mapToRegistry name bower
26 silly mapToRegistry using default registry
27 silly mapToRegistry registry https://registry.npmjs.org/
28 silly mapToRegistry uri https://registry.npmjs.org/bower
29 verbose addNameVersion registry:https://registry.npmjs.org/bower not in flight; fetching
30 verbose get https://registry.npmjs.org/bower not expired, no request
31 silly mapToRegistry name bower
32 silly mapToRegistry using default registry
33 silly mapToRegistry registry https://registry.npmjs.org/
34 silly mapToRegistry uri https://registry.npmjs.org/bower
35 verbose addRemoteTarball https://registry.npmjs.org/bower/-/bower-1.4.1.tgz not in flight; adding
36 verbose addRemoteTarball [ 'https://registry.npmjs.org/bower/-/bower-1.4.1.tgz',
36 verbose addRemoteTarball   'a18be39d030792754f30f1c5b32d37b0156ba8dd' ]
37 info retry fetch attempt 1 at 00:09:22
38 info attempt registry request try #1 at 00:09:22
39 http fetch GET https://registry.npmjs.org/bower/-/bower-1.4.1.tgz
40 http fetch 200 https://registry.npmjs.org/bower/-/bower-1.4.1.tgz
41 silly fetchAndShaCheck shasum a18be39d030792754f30f1c5b32d37b0156ba8dd
42 verbose addTmpTarball /tmp/npm-6991-9ca98d21/registry.npmjs.org/bower/-/bower-1.4.1.tgz not in flight; adding
43 verbose addTmpTarball already have metadata; skipping unpack for bower@1.4.1
44 silly cache afterAdd bower@1.4.1
45 verbose afterAdd /home/alvin/.npm/bower/1.4.1/package/package.json not in flight; writing
46 verbose afterAdd /home/alvin/.npm/bower/1.4.1/package/package.json written
47 silly install resolved [ { name: 'bower',
47 silly install resolved     version: '1.4.1',
47 silly install resolved     description: 'The browser package manager',
47 silly install resolved     author: { name: 'Twitter' },
47 silly install resolved     licenses: [ [Object] ],
47 silly install resolved     repository: { type: 'git', url: 'https://github.com/bower/bower' },
47 silly install resolved     main: 'lib',
47 silly install resolved     homepage: 'http://bower.io',
47 silly install resolved     engines: { node: '>=0.10.0' },
47 silly install resolved     dependencies:
47 silly install resolved      { abbrev: '^1.0.5',
47 silly install resolved        archy: '1.0.0',
47 silly install resolved        'bower-config': '^0.6.1',
47 silly install resolved        'bower-endpoint-parser': '^0.2.2',
47 silly install resolved        'bower-json': '^0.4.0',
47 silly install resolved        'bower-logger': '^0.2.2',
47 silly install resolved        'bower-registry-client': '^0.3.0',
47 silly install resolved        cardinal: '0.4.4',
47 silly install resolved        chalk: '^1.0.0',
47 silly install resolved        chmodr: '0.1.0',
47 silly install resolved        configstore: '^0.3.2',
47 silly install resolved        'decompress-zip': '^0.1.0',
47 silly install resolved        fstream: '^1.0.3',
47 silly install resolved        'fstream-ignore': '^1.0.2',
47 silly install resolved        github: '^0.2.3',
47 silly install resolved        glob: '^4.3.2',
47 silly install resolved        'graceful-fs': '^3.0.5',
47 silly install resolved        handlebars: '^2.0.0',
47 silly install resolved        inquirer: '0.8.0',
47 silly install resolved        insight: '^0.5.0',
47 silly install resolved        'is-root': '^1.0.0',
47 silly install resolved        junk: '^1.0.0',
47 silly install resolved        lockfile: '^1.0.0',
47 silly install resolved        'lru-cache': '^2.5.0',
47 silly install resolved        mkdirp: '0.5.0',
47 silly install resolved        mout: '^0.11.0',
47 silly install resolved        nopt: '^3.0.1',
47 silly install resolved        opn: '^1.0.1',
47 silly install resolved        'p-throttler': '0.1.1',
47 silly install resolved        promptly: '0.2.0',
47 silly install resolved        q: '^1.1.2',
47 silly install resolved        request: '2.53.0',
47 silly install resolved        'request-progress': '0.3.1',
47 silly install resolved        retry: '0.6.1',
47 silly install resolved        rimraf: '^2.2.8',
47 silly install resolved        semver: '^2.3.0',
47 silly install resolved        'shell-quote': '^1.4.2',
47 silly install resolved        'stringify-object': '^1.0.0',
47 silly install resolved        'tar-fs': '^1.4.1',
47 silly install resolved        tmp: '0.0.24',
47 silly install resolved        'update-notifier': '^0.3.0',
47 silly install resolved        'user-home': '^1.1.0',
47 silly install resolved        which: '^1.0.8' },
47 silly install resolved     devDependencies:
47 silly install resolved      { chai: '^1.10.0',
47 silly install resolved        coveralls: '^2.11.2',
47 silly install resolved        'expect.js': '^0.3.1',
47 silly install resolved        grunt: '^0.4.5',
47 silly install resolved        'grunt-cli': '^0.1.13',
47 silly install resolved        'grunt-contrib-jshint': '^0.10.0',
47 silly install resolved        'grunt-contrib-watch': '^0.6.1',
47 silly install resolved        'grunt-exec': '^0.4.6',
47 silly install resolved        'grunt-simple-mocha': '^0.4.0',
47 silly install resolved        istanbul: '^0.3.5',
47 silly install resolved        'load-grunt-tasks': '^2.0.0',
47 silly install resolved        mocha: '^2.1.0',
47 silly install resolved        multiline: '^1.0.2',
47 silly install resolved        nock: '^0.56.0',
47 silly install resolved        'node-uuid': '^1.4.2',
47 silly install resolved        proxyquire: '^1.3.0',
47 silly install resolved        'spawn-sync': '^1.0.5' },
47 silly install resolved     scripts: { test: 'grunt test' },
47 silly install resolved     bin: { bower: 'bin/bower' },
47 silly install resolved     preferGlobal: true,
47 silly install resolved     gitHead: 'a1287416d40f944d58cb8f2e774e2076bfffd32f',
47 silly install resolved     bugs: { url: 'https://github.com/bower/bower/issues' },
47 silly install resolved     _id: 'bower@1.4.1',
47 silly install resolved     _shasum: 'a18be39d030792754f30f1c5b32d37b0156ba8dd',
47 silly install resolved     _from: 'bower@1.4.1',
47 silly install resolved     _npmVersion: '2.7.4',
47 silly install resolved     _nodeVersion: '0.12.0',
47 silly install resolved     _npmUser: { name: 'sheerun', email: 'sheerun@sher.pl' },
47 silly install resolved     maintainers: [ [Object], [Object], [Object], [Object], [Object], [Object] ],
47 silly install resolved     dist:
47 silly install resolved      { shasum: 'a18be39d030792754f30f1c5b32d37b0156ba8dd',
47 silly install resolved        tarball: 'http://registry.npmjs.org/bower/-/bower-1.4.1.tgz' },
47 silly install resolved     directories: {},
47 silly install resolved     _resolved: 'https://registry.npmjs.org/bower/-/bower-1.4.1.tgz' } ]
48 info install bower@1.4.1 into /usr/lib
49 info installOne bower@1.4.1
50 verbose installOne of bower to /usr/lib not in flight; installing
51 warn locking Error: EACCES, open '/home/alvin/.npm/_locks/bower-f46d670cb56ecd4d.lock'
51 warn locking  /home/alvin/.npm/_locks/bower-f46d670cb56ecd4d.lock failed { [Error: EACCES, open '/home/alvin/.npm/_locks/bower-f46d670cb56ecd4d.lock']
51 warn locking   errno: 3,
51 warn locking   code: 'EACCES',
51 warn locking   path: '/home/alvin/.npm/_locks/bower-f46d670cb56ecd4d.lock' }
52 verbose stack Error: Attempt to unlock /usr/lib/node_modules/bower, which hasn't been locked
52 verbose stack     at unlock (/usr/local/lib/node_modules/npm/lib/utils/locker.js:66:11)
52 verbose stack     at cb (/usr/local/lib/node_modules/npm/lib/install.js:929:5)
52 verbose stack     at /usr/local/lib/node_modules/npm/lib/install.js:933:20
52 verbose stack     at /usr/local/lib/node_modules/npm/lib/utils/locker.js:40:9
52 verbose stack     at cb (/usr/local/lib/node_modules/npm/node_modules/lockfile/lockfile.js:149:38)
52 verbose stack     at /usr/local/lib/node_modules/npm/node_modules/lockfile/lockfile.js:177:38
52 verbose stack     at Object.oncomplete (fs.js:107:15)
53 verbose cwd /home/alvin/panic/frontend
54 error Linux 3.13.0-49-generic
55 error argv "node" "/usr/local/bin/npm" "update" "-g" "bower"
56 error node v0.10.25
57 error npm  v2.1.8
58 error Attempt to unlock /usr/lib/node_modules/bower, which hasn't been locked
59 error If you need help, you may report this error at:
59 error     <http://github.com/npm/npm/issues>
60 verbose exit [ 1, true ]
